2021-08-17 09:26:31,409 root INFO 

-----------------  Cassandra_DB Log Started --------------------


2021-08-17 09:26:37,060 cassandra.cluster WARNING Downgrading core protocol version from 66 to 65 for cf860718-d805-4bc5-89ed-c7aab5ccac7d-us-east-1.db.astra.datastax.com:29042:87e57171-7a24-48d0-afef-ac3c97ae247d. To avoid this, it is best practice to explicitly set Cluster(protocol_version) to the version supported by your cluster. http://datastax.github.io/python-driver/api/cassandra/cluster.html#cassandra.cluster.Cluster.protocol_version
2021-08-17 09:26:39,722 cassandra.cluster WARNING Downgrading core protocol version from 65 to 5 for cf860718-d805-4bc5-89ed-c7aab5ccac7d-us-east-1.db.astra.datastax.com:29042:87e57171-7a24-48d0-afef-ac3c97ae247d. To avoid this, it is best practice to explicitly set Cluster(protocol_version) to the version supported by your cluster. http://datastax.github.io/python-driver/api/cassandra/cluster.html#cassandra.cluster.Cluster.protocol_version
2021-08-17 09:26:41,974 cassandra.connection ERROR Closing connection <AsyncoreConnection(2513403431792) cf860718-d805-4bc5-89ed-c7aab5ccac7d-us-east-1.db.astra.datastax.com:29042:87e57171-7a24-48d0-afef-ac3c97ae247d> due to protocol error: Error from server: code=000a [Protocol error] message="Beta version of the protocol used (5/v5-beta), but USE_BETA flag is unset"
2021-08-17 09:26:41,975 cassandra.cluster WARNING Downgrading core protocol version from 5 to 4 for cf860718-d805-4bc5-89ed-c7aab5ccac7d-us-east-1.db.astra.datastax.com:29042:87e57171-7a24-48d0-afef-ac3c97ae247d. To avoid this, it is best practice to explicitly set Cluster(protocol_version) to the version supported by your cluster. http://datastax.github.io/python-driver/api/cassandra/cluster.html#cassandra.cluster.Cluster.protocol_version
2021-08-17 09:26:47,302 cassandra.policies INFO Using datacenter 'us-east-1' for DCAwareRoundRobinPolicy (via host 'cf860718-d805-4bc5-89ed-c7aab5ccac7d-us-east-1.db.astra.datastax.com:29042:87e57171-7a24-48d0-afef-ac3c97ae247d'); if incorrect, please specify a local_dc to the constructor, or limit contact points to local cluster nodes
2021-08-17 09:26:49,415 cassandra.cluster WARNING [control connection] Error connecting to cf860718-d805-4bc5-89ed-c7aab5ccac7d-us-east-1.db.astra.datastax.com:29042:87e57171-7a24-48d0-afef-ac3c97ae247d:
Traceback (most recent call last):
  File "cassandra\cluster.py", line 3522, in cassandra.cluster.ControlConnection._reconnect_internal
  File "cassandra\cluster.py", line 3599, in cassandra.cluster.ControlConnection._try_connect
  File "cassandra\cluster.py", line 3596, in cassandra.cluster.ControlConnection._try_connect
  File "cassandra\cluster.py", line 3698, in cassandra.cluster.ControlConnection._refresh_schema
  File "cassandra\metadata.py", line 142, in cassandra.metadata.Metadata.refresh
  File "cassandra\metadata.py", line 165, in cassandra.metadata.Metadata._rebuild_all
  File "cassandra\metadata.py", line 2872, in get_all_keyspaces
  File "cassandra\metadata.py", line 2522, in get_all_keyspaces
  File "cassandra\metadata.py", line 2031, in get_all_keyspaces
  File "cassandra\metadata.py", line 2811, in cassandra.metadata.SchemaParserV4._query_all
  File "cassandra\connection.py", line 1073, in cassandra.connection.Connection.wait_for_responses
  File "cassandra\connection.py", line 1071, in cassandra.connection.Connection.wait_for_responses
  File "cassandra\connection.py", line 1572, in cassandra.connection.ResponseWaiter.deliver
cassandra.OperationTimedOut: errors=None, last_host=None
2021-08-17 09:26:55,332 cassandra.cluster WARNING [control connection] Error connecting to cf860718-d805-4bc5-89ed-c7aab5ccac7d-us-east-1.db.astra.datastax.com:29042:c61021e2-caae-49c8-9e6a-313b8bd0a54d:
Traceback (most recent call last):
  File "cassandra\cluster.py", line 3522, in cassandra.cluster.ControlConnection._reconnect_internal
  File "cassandra\cluster.py", line 3599, in cassandra.cluster.ControlConnection._try_connect
  File "cassandra\cluster.py", line 3596, in cassandra.cluster.ControlConnection._try_connect
  File "cassandra\cluster.py", line 3698, in cassandra.cluster.ControlConnection._refresh_schema
  File "cassandra\metadata.py", line 142, in cassandra.metadata.Metadata.refresh
  File "cassandra\metadata.py", line 165, in cassandra.metadata.Metadata._rebuild_all
  File "cassandra\metadata.py", line 2872, in get_all_keyspaces
  File "cassandra\metadata.py", line 2522, in get_all_keyspaces
  File "cassandra\metadata.py", line 2031, in get_all_keyspaces
  File "cassandra\metadata.py", line 2811, in cassandra.metadata.SchemaParserV4._query_all
  File "cassandra\connection.py", line 1073, in cassandra.connection.Connection.wait_for_responses
  File "cassandra\connection.py", line 1071, in cassandra.connection.Connection.wait_for_responses
  File "cassandra\connection.py", line 1572, in cassandra.connection.ResponseWaiter.deliver
cassandra.OperationTimedOut: errors=None, last_host=None
2021-08-17 09:27:07,683 root INFO 

-----------------  upload to drive Log Started --------------------


2021-08-17 09:27:07,684 root INFO 

-----------------  time_handler log Started --------------------


2021-08-17 09:27:07,715 werkzeug INFO  * Running on http://127.0.0.1:5000/ (Press CTRL+C to quit)
2021-08-17 09:28:10,412 root INFO 

-----------------  API log Started --------------------


2021-08-17 09:28:10,438 werkzeug INFO 127.0.0.1 - - [17/Aug/2021 09:28:10] "GET / HTTP/1.1" 200 -
2021-08-17 09:28:10,612 root INFO 

-----------------  API log Started --------------------


2021-08-17 09:28:10,613 werkzeug INFO 127.0.0.1 - - [17/Aug/2021 09:28:10] "GET / HTTP/1.1" 200 -
2021-08-17 09:28:37,621 werkzeug INFO 127.0.0.1 - - [17/Aug/2021 09:28:37] "POST /download HTTP/1.1" 200 -
2021-08-17 09:28:37,905 ********************* Cassandra_DB_Logger ********************* INFO Reocrd Inserted in the Table Successfully
2021-08-17 09:28:38,244 cassandra.protocol WARNING Server warning: Aggregation query used without partition key
2021-08-17 09:28:38,844 root INFO 

-----------------  Image Scrapper Log Started --------------------


2021-08-17 09:28:38,846 WDM INFO ====== WebDriver manager ======
2021-08-17 09:28:39,248 WDM INFO Current google-chrome version is 92.0.4515
2021-08-17 09:28:39,249 WDM INFO Get LATEST driver version for 92.0.4515
2021-08-17 09:28:39,583 WDM INFO Driver [C:\Users\Rana\.wdm\drivers\chromedriver\win32\92.0.4515.107\chromedriver.exe] found in cache
2021-08-17 09:29:02,664 ********************* upload_to_drive_Logger ********************* INFO folder zipped successfully
2021-08-17 09:29:04,930 ********************* upload_to_drive_Logger ********************* INFO Images uploaded on drive Successfully
2021-08-17 09:29:11,510 ********************* upload_to_drive_Logger ********************* INFO Print Mail Send Successfully
2021-08-17 09:29:12,095 ********************* Cassandra_DB_Logger ********************* INFO Reocrd Inserted in the Table Successfully
2021-08-17 09:29:12,708 ********************* Cassandra_DB_Logger ********************* INFO Record delted conditionally
2021-08-17 09:29:13,314 cassandra.protocol WARNING Server warning: Aggregation query used without partition key
